{
  "stats": {
    "suites": 12,
    "tests": 41,
    "passes": 26,
    "pending": 0,
    "failures": 15,
    "start": "2021-11-05T01:24:26.152Z",
    "end": "2021-11-05T01:25:57.557Z",
    "duration": 91405,
    "testsRegistered": 41,
    "passPercent": 63.41463414634146,
    "pendingPercent": 0,
    "other": 0,
    "hasOther": false,
    "skipped": 0,
    "hasSkipped": false
  },
  "results": [
    {
      "uuid": "157fde1c-a3ac-487c-9d0b-829075a88019",
      "title": "",
      "fullFile": "cypress/integration/project.spec.js",
      "file": "cypress/integration/project.spec.js",
      "beforeHooks": [],
      "afterHooks": [],
      "tests": [],
      "suites": [
        {
          "uuid": "cda3a25a-2e9f-4614-9a2b-22fa4f9e7e56",
          "title": "1 - Adicione à página o título \"Paleta de Cores\".",
          "fullFile": "",
          "file": "",
          "beforeHooks": [],
          "afterHooks": [],
          "tests": [
            {
              "title": "Verifica se contém um elemento `h1` com o id `title` com o título correto",
              "fullTitle": "1 - Adicione à página o título \"Paleta de Cores\". Verifica se contém um elemento `h1` com o id `title` com o título correto",
              "timedOut": null,
              "duration": 324,
              "state": "passed",
              "speed": "slow",
              "pass": true,
              "fail": false,
              "pending": false,
              "context": null,
              "code": "cy.get('h1#title').should('contain.text', 'Paleta de Cores');",
              "err": {},
              "uuid": "f238129f-498d-4d36-b62c-f43d01706317",
              "parentUUID": "cda3a25a-2e9f-4614-9a2b-22fa4f9e7e56",
              "isHook": false,
              "skipped": false
            }
          ],
          "suites": [],
          "passes": [
            "f238129f-498d-4d36-b62c-f43d01706317"
          ],
          "failures": [],
          "pending": [],
          "skipped": [],
          "duration": 324,
          "root": false,
          "rootEmpty": false,
          "_timeout": 2000
        },
        {
          "uuid": "ba31524b-c1fc-4001-a727-b76d4d484d0e",
          "title": "2 - Adicione à página uma paleta de quatro cores distintas.",
          "fullFile": "",
          "file": "",
          "beforeHooks": [],
          "afterHooks": [],
          "tests": [
            {
              "title": "A paleta de cores deve ser um elemento com `id` denominado `color-palette`",
              "fullTitle": "2 - Adicione à página uma paleta de quatro cores distintas. A paleta de cores deve ser um elemento com `id` denominado `color-palette`",
              "timedOut": null,
              "duration": 207,
              "state": "passed",
              "speed": "slow",
              "pass": true,
              "fail": false,
              "pending": false,
              "context": null,
              "code": "cy.get('#color-palette').should('be.visible');\ncy.get('#color-palette').children('.color');",
              "err": {},
              "uuid": "78481b6a-0c34-47b2-a276-d973bb881cec",
              "parentUUID": "ba31524b-c1fc-4001-a727-b76d4d484d0e",
              "isHook": false,
              "skipped": false
            },
            {
              "title": "Verifica se cada cor individual da paleta de cores possui a `classe` chamada `color`.",
              "fullTitle": "2 - Adicione à página uma paleta de quatro cores distintas. Verifica se cada cor individual da paleta de cores possui a `classe` chamada `color`.",
              "timedOut": null,
              "duration": 378,
              "state": "passed",
              "speed": "slow",
              "pass": true,
              "fail": false,
              "pending": false,
              "context": null,
              "code": "cy.get('.color').should('have.length', 4).then(function (colors) {\n  for (var i = 0; i < colors.length; i++) {\n    cy.wrap(colors[i]).should('be.visible');\n  }\n});",
              "err": {},
              "uuid": "08341286-2a1b-4ef4-b50c-35e193475cbb",
              "parentUUID": "ba31524b-c1fc-4001-a727-b76d4d484d0e",
              "isHook": false,
              "skipped": false
            },
            {
              "title": "Verifica se a cor de fundo de cada elemento da paleta é a cor que o elemento representa. **A única cor não permitida na paleta é a cor branca.**",
              "fullTitle": "2 - Adicione à página uma paleta de quatro cores distintas. Verifica se a cor de fundo de cada elemento da paleta é a cor que o elemento representa. **A única cor não permitida na paleta é a cor branca.**",
              "timedOut": null,
              "duration": 303,
              "state": "passed",
              "speed": "slow",
              "pass": true,
              "fail": false,
              "pending": false,
              "context": null,
              "code": "cy.get('.color').each(function (color) {\n  cy.wrap(color).should('have.class', 'color').and('not.have.css', 'background-color', WHITE);\n  cy.wrap(color).should('have.css', 'background-color');\n});",
              "err": {},
              "uuid": "8a0483d6-b6b0-46ff-920c-83360c89a1da",
              "parentUUID": "ba31524b-c1fc-4001-a727-b76d4d484d0e",
              "isHook": false,
              "skipped": false
            },
            {
              "title": "Verifica se cada elemento da paleta de cores tem uma borda preta, sólida e com 1 pixel de largura;",
              "fullTitle": "2 - Adicione à página uma paleta de quatro cores distintas. Verifica se cada elemento da paleta de cores tem uma borda preta, sólida e com 1 pixel de largura;",
              "timedOut": null,
              "duration": 245,
              "state": "passed",
              "speed": "slow",
              "pass": true,
              "fail": false,
              "pending": false,
              "context": null,
              "code": "cy.get('.color').each(function (color) {\n  cy.wrap(color).and('have.css', 'border', \"1px solid \".concat(BLACK)).and('have.class', 'color');\n});",
              "err": {},
              "uuid": "ff17e991-0d27-46da-a731-aa950c7fb37d",
              "parentUUID": "ba31524b-c1fc-4001-a727-b76d4d484d0e",
              "isHook": false,
              "skipped": false
            },
            {
              "title": "Verifica se a paleta lista todas as cores disponíveis para utilização, lado a lado.",
              "fullTitle": "2 - Adicione à página uma paleta de quatro cores distintas. Verifica se a paleta lista todas as cores disponíveis para utilização, lado a lado.",
              "timedOut": null,
              "duration": 151,
              "state": "passed",
              "speed": "slow",
              "pass": true,
              "fail": false,
              "pending": false,
              "context": null,
              "code": "cy.get('.color').then(function (colors) {\n  for (var index = 1; index < colors.length; index += 1) {\n    var currentColor = colors[index];\n    var previousColor = colors[index - 1];\n    cy.wrap(currentColor).should('be.onTheRightOf', previousColor).and('be.horizontallyAlignedWith', previousColor);\n  }\n});",
              "err": {},
              "uuid": "2b63fb9e-fb73-45b0-9748-c34217f73755",
              "parentUUID": "ba31524b-c1fc-4001-a727-b76d4d484d0e",
              "isHook": false,
              "skipped": false
            },
            {
              "title": "Verifica se a paleta de cores está posicionada abaixo do título 'Paleta de Cores'",
              "fullTitle": "2 - Adicione à página uma paleta de quatro cores distintas. Verifica se a paleta de cores está posicionada abaixo do título 'Paleta de Cores'",
              "timedOut": null,
              "duration": 176,
              "state": "passed",
              "speed": "slow",
              "pass": true,
              "fail": false,
              "pending": false,
              "context": null,
              "code": "cy.get('h1#title').then(function (title) {\n  cy.get('#color-palette').should('be.belowOf', title);\n});",
              "err": {},
              "uuid": "efc4db0c-186b-42bb-9bc0-de5f315cd3bf",
              "parentUUID": "ba31524b-c1fc-4001-a727-b76d4d484d0e",
              "isHook": false,
              "skipped": false
            },
            {
              "title": "Verifica se a paleta de cores não contém cores repetidas.",
              "fullTitle": "2 - Adicione à página uma paleta de quatro cores distintas. Verifica se a paleta de cores não contém cores repetidas.",
              "timedOut": null,
              "duration": 133,
              "state": "passed",
              "speed": "slow",
              "pass": true,
              "fail": false,
              "pending": false,
              "context": null,
              "code": "cy.get('.color').then(function (colors) {\n  var allColors = Array.from(colors).map(function (color) {\n    return Cypress.$(color).css('background-color');\n  });\n  cy.log(allColors);\n  var uniqColors = (0, _toConsumableArray2[\"default\"])(new Set(allColors));\n  cy.log(uniqColors);\n  expect(allColors.length).to.eq(uniqColors.length);\n});",
              "err": {},
              "uuid": "53e70d30-e307-429b-99f7-a02829d52c26",
              "parentUUID": "ba31524b-c1fc-4001-a727-b76d4d484d0e",
              "isHook": false,
              "skipped": false
            }
          ],
          "suites": [],
          "passes": [
            "78481b6a-0c34-47b2-a276-d973bb881cec",
            "08341286-2a1b-4ef4-b50c-35e193475cbb",
            "8a0483d6-b6b0-46ff-920c-83360c89a1da",
            "ff17e991-0d27-46da-a731-aa950c7fb37d",
            "2b63fb9e-fb73-45b0-9748-c34217f73755",
            "efc4db0c-186b-42bb-9bc0-de5f315cd3bf",
            "53e70d30-e307-429b-99f7-a02829d52c26"
          ],
          "failures": [],
          "pending": [],
          "skipped": [],
          "duration": 1593,
          "root": false,
          "rootEmpty": false,
          "_timeout": 2000
        },
        {
          "uuid": "7f9b6747-03c5-4a4d-a587-8c5f9f996b25",
          "title": "3 - Adicione a cor **preta** como a primeira cor da paleta de cores.",
          "fullFile": "",
          "file": "",
          "beforeHooks": [],
          "afterHooks": [],
          "tests": [
            {
              "title": "Verifica se a primeira cor da paleta é preta",
              "fullTitle": "3 - Adicione a cor **preta** como a primeira cor da paleta de cores. Verifica se a primeira cor da paleta é preta",
              "timedOut": null,
              "duration": 165,
              "state": "passed",
              "speed": "slow",
              "pass": true,
              "fail": false,
              "pending": false,
              "context": null,
              "code": "cy.get('.color').first().should('have.css', 'background-color', BLACK);",
              "err": {},
              "uuid": "51bc1b64-a8e7-4064-8477-753e75fa500b",
              "parentUUID": "7f9b6747-03c5-4a4d-a587-8c5f9f996b25",
              "isHook": false,
              "skipped": false
            },
            {
              "title": "Verifica se as demais cores podem ser escolhidas livremente.",
              "fullTitle": "3 - Adicione a cor **preta** como a primeira cor da paleta de cores. Verifica se as demais cores podem ser escolhidas livremente.",
              "timedOut": null,
              "duration": 388,
              "state": "passed",
              "speed": "slow",
              "pass": true,
              "fail": false,
              "pending": false,
              "context": null,
              "code": "cy.get('.color').eq(1).should('not.have.css', 'background-color', BLACK);\ncy.get('.color').eq(1).should('not.have.css', 'background-color', WHITE);\ncy.get('.color').eq(1).should('not.have.css', 'background-color', 'rgba(0, 0, 0, 0)');\ncy.get('.color').eq(1).should('have.css', 'background-color');\ncy.get('.color').eq(2).should('not.have.css', 'background-color', BLACK);\ncy.get('.color').eq(2).should('not.have.css', 'background-color', WHITE);\ncy.get('.color').eq(2).should('not.have.css', 'background-color', 'rgba(0, 0, 0, 0)');\ncy.get('.color').eq(2).should('have.css', 'background-color');\ncy.get('.color').eq(3).should('not.have.css', 'background-color', BLACK);\ncy.get('.color').eq(3).should('not.have.css', 'background-color', WHITE);\ncy.get('.color').eq(3).should('not.have.css', 'background-color', 'rgba(0, 0, 0, 0)');\ncy.get('.color').eq(3).should('have.css', 'background-color');",
              "err": {},
              "uuid": "9e1f4c14-543c-4b58-9c0c-b2077c610cd3",
              "parentUUID": "7f9b6747-03c5-4a4d-a587-8c5f9f996b25",
              "isHook": false,
              "skipped": false
            }
          ],
          "suites": [],
          "passes": [
            "51bc1b64-a8e7-4064-8477-753e75fa500b",
            "9e1f4c14-543c-4b58-9c0c-b2077c610cd3"
          ],
          "failures": [],
          "pending": [],
          "skipped": [],
          "duration": 553,
          "root": false,
          "rootEmpty": false,
          "_timeout": 2000
        },
        {
          "uuid": "9d59261b-539f-4171-9dcc-351e24a16ac7",
          "title": "4 - Adicione à página um quadro de pixels, com 25 pixels.",
          "fullFile": "",
          "file": "",
          "beforeHooks": [],
          "afterHooks": [],
          "tests": [
            {
              "title": "Verifica se o quadro de pixels possui o `id` denominado `pixel-board`",
              "fullTitle": "4 - Adicione à página um quadro de pixels, com 25 pixels. Verifica se o quadro de pixels possui o `id` denominado `pixel-board`",
              "timedOut": null,
              "duration": 201,
              "state": "passed",
              "speed": "slow",
              "pass": true,
              "fail": false,
              "pending": false,
              "context": null,
              "code": "cy.get('#pixel-board').should('be.visible');",
              "err": {},
              "uuid": "0b1b439f-d701-44b6-85aa-da5502fd5065",
              "parentUUID": "9d59261b-539f-4171-9dcc-351e24a16ac7",
              "isHook": false,
              "skipped": false
            },
            {
              "title": "Verifica se cada pixel individual dentro do quadro possui a `classe` denominada `pixel`.",
              "fullTitle": "4 - Adicione à página um quadro de pixels, com 25 pixels. Verifica se cada pixel individual dentro do quadro possui a `classe` denominada `pixel`.",
              "timedOut": null,
              "duration": 176,
              "state": "passed",
              "speed": "slow",
              "pass": true,
              "fail": false,
              "pending": false,
              "context": null,
              "code": "cy.get('.pixel').should('have.length', 25);",
              "err": {},
              "uuid": "67d1d4d8-2a34-4f9f-b8c5-d2476e8b4314",
              "parentUUID": "9d59261b-539f-4171-9dcc-351e24a16ac7",
              "isHook": false,
              "skipped": false
            },
            {
              "title": "Verifica se a cor inicial dos pixels dentro do quadro, ao abrir a página, é branca.",
              "fullTitle": "4 - Adicione à página um quadro de pixels, com 25 pixels. Verifica se a cor inicial dos pixels dentro do quadro, ao abrir a página, é branca.",
              "timedOut": null,
              "duration": 319,
              "state": "passed",
              "speed": "slow",
              "pass": true,
              "fail": false,
              "pending": false,
              "context": null,
              "code": "cy.get('.pixel').should('have.length', 25).each(function (pixel) {\n  expect(pixel).to.have.css('background-color', WHITE);\n});",
              "err": {},
              "uuid": "cc2d411f-483d-4183-b615-9154e1be0695",
              "parentUUID": "9d59261b-539f-4171-9dcc-351e24a16ac7",
              "isHook": false,
              "skipped": false
            },
            {
              "title": "Verifica se o quadro de pixels aparece abaixo da paleta de cores",
              "fullTitle": "4 - Adicione à página um quadro de pixels, com 25 pixels. Verifica se o quadro de pixels aparece abaixo da paleta de cores",
              "timedOut": null,
              "duration": 168,
              "state": "passed",
              "speed": "slow",
              "pass": true,
              "fail": false,
              "pending": false,
              "context": null,
              "code": "cy.get('#color-palette').then(function (palette) {\n  cy.get('#pixel-board').should('be.belowOf', palette);\n});",
              "err": {},
              "uuid": "7352b6cc-9db1-4e75-9c99-85f6e2d41eea",
              "parentUUID": "9d59261b-539f-4171-9dcc-351e24a16ac7",
              "isHook": false,
              "skipped": false
            }
          ],
          "suites": [],
          "passes": [
            "0b1b439f-d701-44b6-85aa-da5502fd5065",
            "67d1d4d8-2a34-4f9f-b8c5-d2476e8b4314",
            "cc2d411f-483d-4183-b615-9154e1be0695",
            "7352b6cc-9db1-4e75-9c99-85f6e2d41eea"
          ],
          "failures": [],
          "pending": [],
          "skipped": [],
          "duration": 864,
          "root": false,
          "rootEmpty": false,
          "_timeout": 2000
        },
        {
          "uuid": "a0a87b0c-cc5b-433f-973a-e3015e102cdd",
          "title": "5 - Faça com que cada elemento do quadro de pixels possua 40 pixels de largura, 40 pixels de altura e seja delimitado por uma borda preta de 1 pixel.",
          "fullFile": "",
          "file": "",
          "beforeHooks": [],
          "afterHooks": [],
          "tests": [
            {
              "title": "Verifica se o quadro de pixels tem altura e comprimento de 5 elementos",
              "fullTitle": "5 - Faça com que cada elemento do quadro de pixels possua 40 pixels de largura, 40 pixels de altura e seja delimitado por uma borda preta de 1 pixel. Verifica se o quadro de pixels tem altura e comprimento de 5 elementos",
              "timedOut": null,
              "duration": 495,
              "state": "passed",
              "speed": "slow",
              "pass": true,
              "fail": false,
              "pending": false,
              "context": null,
              "code": "cy.get('.pixel').should('have.length', 25).each(function (pixel) {\n  expect(pixel).to.have.css('background-color', WHITE);\n}).and(function (pixels) {\n  var rows = chunk(pixels, 5);\n  rows.forEach(function (row) {\n    for (var index = 1; index < row.length; index += 1) {\n      var current = pixels[index];\n      var previous = pixels[index - 1];\n      cy.wrap(current).should('be.onTheRightOf', previous).and('be.horizontallyAlignedWith', previous);\n    }\n  });\n  for (var index = 1; index < 5; index += 1) {\n    expect(pixels[index * 5]).to.be.belowOf(pixels[(index - 1) * 5]);\n  }\n});",
              "err": {},
              "uuid": "09921d5e-c201-4a7a-b541-24ecc4f9ab02",
              "parentUUID": "a0a87b0c-cc5b-433f-973a-e3015e102cdd",
              "isHook": false,
              "skipped": false
            },
            {
              "title": "Verifica se 40 pixels é o tamanho total do elemento, incluindo seu conteúdo e excluindo a borda preta, que deve ser criada à parte.",
              "fullTitle": "5 - Faça com que cada elemento do quadro de pixels possua 40 pixels de largura, 40 pixels de altura e seja delimitado por uma borda preta de 1 pixel. Verifica se 40 pixels é o tamanho total do elemento, incluindo seu conteúdo e excluindo a borda preta, que deve ser criada à parte.",
              "timedOut": null,
              "duration": 410,
              "state": "passed",
              "speed": "slow",
              "pass": true,
              "fail": false,
              "pending": false,
              "context": null,
              "code": "cy.get('.pixel').each(function (pixel) {\n  cy.wrap(pixel).should('have.css', 'height', '40px').and('have.css', 'width', '40px').and('have.css', 'border', \"1px solid \".concat(BLACK));\n});",
              "err": {},
              "uuid": "80fded86-d1a4-4d46-9c92-4ce04b8cf084",
              "parentUUID": "a0a87b0c-cc5b-433f-973a-e3015e102cdd",
              "isHook": false,
              "skipped": false
            }
          ],
          "suites": [],
          "passes": [
            "09921d5e-c201-4a7a-b541-24ecc4f9ab02",
            "80fded86-d1a4-4d46-9c92-4ce04b8cf084"
          ],
          "failures": [],
          "pending": [],
          "skipped": [],
          "duration": 905,
          "root": false,
          "rootEmpty": false,
          "_timeout": 2000
        },
        {
          "uuid": "df798fd5-f1b7-44ed-81a6-3cad089bd315",
          "title": "6 - Defina a cor preta como cor inicial. Ao carregar a página a cor preta já deve estar selecionada para pintar os pixels",
          "fullFile": "",
          "file": "",
          "beforeHooks": [],
          "afterHooks": [],
          "tests": [
            {
              "title": "Verifica se o elemento da cor preta possui, inicialmente, a `classe` `selected`",
              "fullTitle": "6 - Defina a cor preta como cor inicial. Ao carregar a página a cor preta já deve estar selecionada para pintar os pixels Verifica se o elemento da cor preta possui, inicialmente, a `classe` `selected`",
              "timedOut": null,
              "duration": 185,
              "state": "passed",
              "speed": "slow",
              "pass": true,
              "fail": false,
              "pending": false,
              "context": null,
              "code": "cy.get('.selected').first().should('have.css', 'background-color', BLACK);",
              "err": {},
              "uuid": "649740f1-7f73-47fc-b8a7-956260c0082f",
              "parentUUID": "df798fd5-f1b7-44ed-81a6-3cad089bd315",
              "isHook": false,
              "skipped": false
            },
            {
              "title": "Verifica se nenhuma outra cor da paleta tem a `classe` `selected`",
              "fullTitle": "6 - Defina a cor preta como cor inicial. Ao carregar a página a cor preta já deve estar selecionada para pintar os pixels Verifica se nenhuma outra cor da paleta tem a `classe` `selected`",
              "timedOut": null,
              "duration": 140,
              "state": "passed",
              "speed": "slow",
              "pass": true,
              "fail": false,
              "pending": false,
              "context": null,
              "code": "cy.get('.color:not(:first-child)').each(function (color) {\n  cy.wrap(color).should('not.have.class', 'selected');\n});",
              "err": {},
              "uuid": "311676e6-ce9c-4975-b8e0-2fd8286b50e1",
              "parentUUID": "df798fd5-f1b7-44ed-81a6-3cad089bd315",
              "isHook": false,
              "skipped": false
            }
          ],
          "suites": [],
          "passes": [
            "649740f1-7f73-47fc-b8a7-956260c0082f",
            "311676e6-ce9c-4975-b8e0-2fd8286b50e1"
          ],
          "failures": [],
          "pending": [],
          "skipped": [],
          "duration": 325,
          "root": false,
          "rootEmpty": false,
          "_timeout": 2000
        },
        {
          "uuid": "70becc63-aff0-442c-9eaf-65852c168678",
          "title": "7 - Clicar em uma das cores da paleta, faz com que ela seja selecionada e utilizada para preencher os pixels no quadro.",
          "fullFile": "",
          "file": "",
          "beforeHooks": [],
          "afterHooks": [],
          "tests": [
            {
              "title": "Verifica se somente uma cor da paleta de cores tem a classe `selected` de cada vez",
              "fullTitle": "7 - Clicar em uma das cores da paleta, faz com que ela seja selecionada e utilizada para preencher os pixels no quadro. Verifica se somente uma cor da paleta de cores tem a classe `selected` de cada vez",
              "timedOut": null,
              "duration": 592,
              "state": "passed",
              "speed": "slow",
              "pass": true,
              "fail": false,
              "pending": false,
              "context": null,
              "code": "cy.get('.color').each(function (selectedColor, selectedColorIndex) {\n  cy.wrap(selectedColor).click();\n  cy.get('.color').each(function (color, colorIndex) {\n    if (colorIndex === selectedColorIndex) {\n      expect(color).to.have[\"class\"]('selected');\n    } else {\n      expect(color).not.to.have[\"class\"]('selected');\n    }\n  });\n});",
              "err": {},
              "uuid": "e01e1be1-03f3-4db0-85bf-908d649f32c0",
              "parentUUID": "70becc63-aff0-442c-9eaf-65852c168678",
              "isHook": false,
              "skipped": false
            },
            {
              "title": "Verifica se os pixels dentro do quadro não têm a classe `selected` quando são clicados",
              "fullTitle": "7 - Clicar em uma das cores da paleta, faz com que ela seja selecionada e utilizada para preencher os pixels no quadro. Verifica se os pixels dentro do quadro não têm a classe `selected` quando são clicados",
              "timedOut": null,
              "duration": 9382,
              "state": "passed",
              "speed": "slow",
              "pass": true,
              "fail": false,
              "pending": false,
              "context": null,
              "code": "cy.get('.color').each(function (color) {\n  var backgroundColor = color.css('background-color');\n  cy.wrap(color).click();\n  cy.get('.pixel').each(function (pixel) {\n    cy.wrap(pixel).click().should('not.have.class', 'selected');\n  });\n});",
              "err": {},
              "uuid": "baffba3b-4bd0-41fe-bbd0-82e278c020b7",
              "parentUUID": "70becc63-aff0-442c-9eaf-65852c168678",
              "isHook": false,
              "skipped": false
            }
          ],
          "suites": [],
          "passes": [
            "e01e1be1-03f3-4db0-85bf-908d649f32c0",
            "baffba3b-4bd0-41fe-bbd0-82e278c020b7"
          ],
          "failures": [],
          "pending": [],
          "skipped": [],
          "duration": 9974,
          "root": false,
          "rootEmpty": false,
          "_timeout": 2000
        },
        {
          "uuid": "784ebfbb-2a3f-4f78-991b-a2785d75e998",
          "title": "8 - Clicar em um pixel dentro do quadro após selecionar uma cor na paleta, faz com que o pixel seja preenchido com a cor selecionada.",
          "fullFile": "",
          "file": "",
          "beforeHooks": [],
          "afterHooks": [],
          "tests": [
            {
              "title": "Verifica se ao carregar a página deve ser possível pintar os pixels de preto",
              "fullTitle": "8 - Clicar em um pixel dentro do quadro após selecionar uma cor na paleta, faz com que o pixel seja preenchido com a cor selecionada. Verifica se ao carregar a página deve ser possível pintar os pixels de preto",
              "timedOut": null,
              "duration": 2410,
              "state": "passed",
              "speed": "slow",
              "pass": true,
              "fail": false,
              "pending": false,
              "context": null,
              "code": "cy.get('.pixel').each(function (pixel) {\n  cy.wrap(pixel).click().should('have.css', 'background-color', BLACK);\n});",
              "err": {},
              "uuid": "35181bde-a8ad-4e2b-a6fe-fe388f5efa06",
              "parentUUID": "784ebfbb-2a3f-4f78-991b-a2785d75e998",
              "isHook": false,
              "skipped": false
            },
            {
              "title": "Verifica se após selecionar uma outra cor na paleta, é possível pintar os pixels com essa cor",
              "fullTitle": "8 - Clicar em um pixel dentro do quadro após selecionar uma cor na paleta, faz com que o pixel seja preenchido com a cor selecionada. Verifica se após selecionar uma outra cor na paleta, é possível pintar os pixels com essa cor",
              "timedOut": null,
              "duration": 9283,
              "state": "passed",
              "speed": "slow",
              "pass": true,
              "fail": false,
              "pending": false,
              "context": null,
              "code": "cy.get('.color').each(function (color) {\n  var backgroundColor = color.css('background-color');\n  cy.wrap(color).click();\n  cy.get('.pixel').each(function (pixel) {\n    cy.wrap(pixel).click().should('have.css', 'background-color', backgroundColor);\n  });\n});",
              "err": {},
              "uuid": "183547dc-45e2-4cf8-86ee-817b020e551d",
              "parentUUID": "784ebfbb-2a3f-4f78-991b-a2785d75e998",
              "isHook": false,
              "skipped": false
            },
            {
              "title": "Verifica se somente o pixel que foi clicado foi preenchido com a cor selecionada, sem influenciar na cor dos demais pixels.",
              "fullTitle": "8 - Clicar em um pixel dentro do quadro após selecionar uma cor na paleta, faz com que o pixel seja preenchido com a cor selecionada. Verifica se somente o pixel que foi clicado foi preenchido com a cor selecionada, sem influenciar na cor dos demais pixels.",
              "timedOut": null,
              "duration": 1849,
              "state": "passed",
              "speed": "slow",
              "pass": true,
              "fail": false,
              "pending": false,
              "context": null,
              "code": "var colorToPixelIndexMap = {\n  0: 6,\n  1: 8,\n  2: 16,\n  3: 18\n};\ncy.get('.color').each(function (color, index) {\n  cy.wrap(color).click();\n  var backgroundColor = color.css('background-color');\n  var clickedPixelIndex = colorToPixelIndexMap[index];\n  cy.get('.pixel').eq(clickedPixelIndex).click();\n  cy.get('.pixel').eq(clickedPixelIndex - 1).should('not.have.css', 'background-color', backgroundColor);\n  cy.get('.pixel').eq(clickedPixelIndex + 1).should('not.have.css', 'background-color', backgroundColor);\n  cy.get('.pixel').eq(clickedPixelIndex - 5).should('not.have.css', 'background-color', backgroundColor);\n  cy.get('.pixel').eq(clickedPixelIndex + 5).should('not.have.css', 'background-color', backgroundColor);\n  cy.get('.pixel').eq(clickedPixelIndex - 6).should('not.have.css', 'background-color', backgroundColor);\n  cy.get('.pixel').eq(clickedPixelIndex - 4).should('not.have.css', 'background-color', backgroundColor);\n  cy.get('.pixel').eq(clickedPixelIndex + 4).should('not.have.css', 'background-color', backgroundColor);\n  cy.get('.pixel').eq(clickedPixelIndex + 6).should('not.have.css', 'background-color', backgroundColor);\n});",
              "err": {},
              "uuid": "c9f05c45-5d42-4dca-849c-632098d75be3",
              "parentUUID": "784ebfbb-2a3f-4f78-991b-a2785d75e998",
              "isHook": false,
              "skipped": false
            }
          ],
          "suites": [],
          "passes": [
            "35181bde-a8ad-4e2b-a6fe-fe388f5efa06",
            "183547dc-45e2-4cf8-86ee-817b020e551d",
            "c9f05c45-5d42-4dca-849c-632098d75be3"
          ],
          "failures": [],
          "pending": [],
          "skipped": [],
          "duration": 13542,
          "root": false,
          "rootEmpty": false,
          "_timeout": 2000
        },
        {
          "uuid": "0e7529da-4df5-41a9-b5c9-c4a5831f8034",
          "title": "9 - Crie um botão que, ao ser clicado, limpa o quadro preenchendo a cor de todos seus pixels com branco.",
          "fullFile": "",
          "file": "",
          "beforeHooks": [],
          "afterHooks": [],
          "tests": [
            {
              "title": "Verifica se o botão tem o `id` denominado `clear-board`",
              "fullTitle": "9 - Crie um botão que, ao ser clicado, limpa o quadro preenchendo a cor de todos seus pixels com branco. Verifica se o botão tem o `id` denominado `clear-board`",
              "timedOut": null,
              "duration": 248,
              "state": "passed",
              "speed": "slow",
              "pass": true,
              "fail": false,
              "pending": false,
              "context": null,
              "code": "cy.get('#clear-board').should('be.visible');",
              "err": {},
              "uuid": "503aeb56-daf5-4847-9f65-2a4300a3ad21",
              "parentUUID": "0e7529da-4df5-41a9-b5c9-c4a5831f8034",
              "isHook": false,
              "skipped": false
            },
            {
              "title": "Verifica se o botão está posicionado entre a paleta de cores e o quadro de pixels",
              "fullTitle": "9 - Crie um botão que, ao ser clicado, limpa o quadro preenchendo a cor de todos seus pixels com branco. Verifica se o botão está posicionado entre a paleta de cores e o quadro de pixels",
              "timedOut": null,
              "duration": 165,
              "state": "passed",
              "speed": "slow",
              "pass": true,
              "fail": false,
              "pending": false,
              "context": null,
              "code": "cy.get('#color-palette').then(function (palette) {\n  cy.get('#clear-board').should('be.belowOf', palette);\n});\ncy.get('#clear-board').then(function (clearBtn) {\n  cy.get('#pixel-board').should('be.belowOf', clearBtn);\n});",
              "err": {},
              "uuid": "079a5ea0-1e47-48ff-abc1-dde74db8d358",
              "parentUUID": "0e7529da-4df5-41a9-b5c9-c4a5831f8034",
              "isHook": false,
              "skipped": false
            },
            {
              "title": "Verifica se o texto do botão é 'Limpar'",
              "fullTitle": "9 - Crie um botão que, ao ser clicado, limpa o quadro preenchendo a cor de todos seus pixels com branco. Verifica se o texto do botão é 'Limpar'",
              "timedOut": null,
              "duration": 124,
              "state": "passed",
              "speed": "slow",
              "pass": true,
              "fail": false,
              "pending": false,
              "context": null,
              "code": "cy.get('#clear-board').should('contain.text', 'Limpar');",
              "err": {},
              "uuid": "5a359844-b8c8-4046-b959-6ee86042e98e",
              "parentUUID": "0e7529da-4df5-41a9-b5c9-c4a5831f8034",
              "isHook": false,
              "skipped": false
            },
            {
              "title": "Verifica se ao clicar no botão, o quadro de pixels é totalmente preenchido de branco",
              "fullTitle": "9 - Crie um botão que, ao ser clicado, limpa o quadro preenchendo a cor de todos seus pixels com branco. Verifica se ao clicar no botão, o quadro de pixels é totalmente preenchido de branco",
              "timedOut": null,
              "duration": 6753,
              "state": "failed",
              "speed": null,
              "pass": false,
              "fail": true,
              "pending": false,
              "context": null,
              "code": "cy.get('.color').eq(1).then(function (color) {\n  var backgroundColor = color.css('background-color');\n  cy.wrap(color).click();\n  cy.get('.pixel').each(function (pixel) {\n    cy.wrap(pixel).click().should('have.css', 'background-color', backgroundColor);\n  });\n});\ncy.get('#clear-board').click();\ncy.get('.pixel').each(function (pixel) {\n  cy.wrap(pixel).should('have.css', 'background-color', WHITE);\n});",
              "err": {
                "message": "CypressError: Timed out retrying: expected '<div.pixel>' to have CSS property 'background-color' with the value 'rgb(255, 255, 255)', but the value was 'rgb(46, 139, 87)'",
                "estack": "CypressError: Timed out retrying: expected '<div.pixel>' to have CSS property 'background-color' with the value 'rgb(255, 255, 255)', but the value was 'rgb(46, 139, 87)'\n    at cypressErr (http://localhost:36853/__cypress/runner/cypress_runner.js:149934:9)\n    at throwErr (http://localhost:36853/__cypress/runner/cypress_runner.js:149867:11)\n    at Object.throwErrByPath (http://localhost:36853/__cypress/runner/cypress_runner.js:149915:3)\n    at retry (http://localhost:36853/__cypress/runner/cypress_runner.js:144197:19)\n    at onFailFn (http://localhost:36853/__cypress/runner/cypress_runner.js:132448:16)\n    at tryCatcher (http://localhost:36853/__cypress/runner/cypress_runner.js:167415:23)\n    at Promise._settlePromiseFromHandler (http://localhost:36853/__cypress/runner/cypress_runner.js:165351:31)\n    at Promise._settlePromise (http://localhost:36853/__cypress/runner/cypress_runner.js:165408:18)\n    at Promise._settlePromise0 (http://localhost:36853/__cypress/runner/cypress_runner.js:165453:10)\n    at Promise._settlePromises (http://localhost:36853/__cypress/runner/cypress_runner.js:165528:18)\n    at Async../node_modules/bluebird/js/release/async.js.Async._drainQueue (http://localhost:36853/__cypress/runner/cypress_runner.js:162140:16)\n    at Async../node_modules/bluebird/js/release/async.js.Async._drainQueues (http://localhost:36853/__cypress/runner/cypress_runner.js:162150:10)\n    at Async.drainQueues (http://localhost:36853/__cypress/runner/cypress_runner.js:162024:14)",
                "diff": null
              },
              "uuid": "754cad2b-5ab0-437f-a9a7-55165fafbd13",
              "parentUUID": "0e7529da-4df5-41a9-b5c9-c4a5831f8034",
              "isHook": false,
              "skipped": false
            }
          ],
          "suites": [],
          "passes": [
            "503aeb56-daf5-4847-9f65-2a4300a3ad21",
            "079a5ea0-1e47-48ff-abc1-dde74db8d358",
            "5a359844-b8c8-4046-b959-6ee86042e98e"
          ],
          "failures": [
            "754cad2b-5ab0-437f-a9a7-55165fafbd13"
          ],
          "pending": [],
          "skipped": [],
          "duration": 7290,
          "root": false,
          "rootEmpty": false,
          "_timeout": 2000
        },
        {
          "uuid": "51c154c5-d8c1-4229-b199-7291478e00a0",
          "title": "10 - Faça o quadro de pixels ter seu tamanho definido pelo usuário.",
          "fullFile": "",
          "file": "",
          "beforeHooks": [],
          "afterHooks": [],
          "tests": [
            {
              "title": "Verifica se existe um input com o id `board-size`",
              "fullTitle": "10 - Faça o quadro de pixels ter seu tamanho definido pelo usuário. Verifica se existe um input com o id `board-size`",
              "timedOut": null,
              "duration": 4422,
              "state": "failed",
              "speed": null,
              "pass": false,
              "fail": true,
              "pending": false,
              "context": null,
              "code": "cy.get('#board-size').should('be.visible');",
              "err": {
                "message": "CypressError: Timed out retrying: Expected to find element: '#board-size', but never found it.",
                "estack": "CypressError: Timed out retrying: Expected to find element: '#board-size', but never found it.\n    at cypressErr (http://localhost:36853/__cypress/runner/cypress_runner.js:149934:9)\n    at throwErr (http://localhost:36853/__cypress/runner/cypress_runner.js:149867:11)\n    at Object.throwErrByPath (http://localhost:36853/__cypress/runner/cypress_runner.js:149915:3)\n    at retry (http://localhost:36853/__cypress/runner/cypress_runner.js:144197:19)\n    at onFailFn (http://localhost:36853/__cypress/runner/cypress_runner.js:132448:16)\n    at tryCatcher (http://localhost:36853/__cypress/runner/cypress_runner.js:167415:23)\n    at Promise._settlePromiseFromHandler (http://localhost:36853/__cypress/runner/cypress_runner.js:165351:31)\n    at Promise._settlePromise (http://localhost:36853/__cypress/runner/cypress_runner.js:165408:18)\n    at Promise._settlePromise0 (http://localhost:36853/__cypress/runner/cypress_runner.js:165453:10)\n    at Promise._settlePromises (http://localhost:36853/__cypress/runner/cypress_runner.js:165528:18)\n    at Async../node_modules/bluebird/js/release/async.js.Async._drainQueue (http://localhost:36853/__cypress/runner/cypress_runner.js:162140:16)\n    at Async../node_modules/bluebird/js/release/async.js.Async._drainQueues (http://localhost:36853/__cypress/runner/cypress_runner.js:162150:10)\n    at Async.drainQueues (http://localhost:36853/__cypress/runner/cypress_runner.js:162024:14)",
                "diff": null
              },
              "uuid": "d89840f5-beca-48c9-8cd7-b092a4b1e63f",
              "parentUUID": "51c154c5-d8c1-4229-b199-7291478e00a0",
              "isHook": false,
              "skipped": false
            },
            {
              "title": "Verifica se existe um botão com o id `generate-board`",
              "fullTitle": "10 - Faça o quadro de pixels ter seu tamanho definido pelo usuário. Verifica se existe um botão com o id `generate-board`",
              "timedOut": null,
              "duration": 4423,
              "state": "failed",
              "speed": null,
              "pass": false,
              "fail": true,
              "pending": false,
              "context": null,
              "code": "cy.get('#generate-board').should('be.visible');",
              "err": {
                "message": "CypressError: Timed out retrying: Expected to find element: '#generate-board', but never found it.",
                "estack": "CypressError: Timed out retrying: Expected to find element: '#generate-board', but never found it.\n    at cypressErr (http://localhost:36853/__cypress/runner/cypress_runner.js:149934:9)\n    at throwErr (http://localhost:36853/__cypress/runner/cypress_runner.js:149867:11)\n    at Object.throwErrByPath (http://localhost:36853/__cypress/runner/cypress_runner.js:149915:3)\n    at retry (http://localhost:36853/__cypress/runner/cypress_runner.js:144197:19)\n    at onFailFn (http://localhost:36853/__cypress/runner/cypress_runner.js:132448:16)\n    at tryCatcher (http://localhost:36853/__cypress/runner/cypress_runner.js:167415:23)\n    at Promise._settlePromiseFromHandler (http://localhost:36853/__cypress/runner/cypress_runner.js:165351:31)\n    at Promise._settlePromise (http://localhost:36853/__cypress/runner/cypress_runner.js:165408:18)\n    at Promise._settlePromise0 (http://localhost:36853/__cypress/runner/cypress_runner.js:165453:10)\n    at Promise._settlePromises (http://localhost:36853/__cypress/runner/cypress_runner.js:165528:18)\n    at Async../node_modules/bluebird/js/release/async.js.Async._drainQueue (http://localhost:36853/__cypress/runner/cypress_runner.js:162140:16)\n    at Async../node_modules/bluebird/js/release/async.js.Async._drainQueues (http://localhost:36853/__cypress/runner/cypress_runner.js:162150:10)\n    at Async.drainQueues (http://localhost:36853/__cypress/runner/cypress_runner.js:162024:14)",
                "diff": null
              },
              "uuid": "44d51ab1-60e5-4c52-a3ee-74f6577c7f3f",
              "parentUUID": "51c154c5-d8c1-4229-b199-7291478e00a0",
              "isHook": false,
              "skipped": false
            },
            {
              "title": "Verifica se o input só aceita número maiores que zero. Essa restrição deve ser feita usando os atributos do elemento `input`",
              "fullTitle": "10 - Faça o quadro de pixels ter seu tamanho definido pelo usuário. Verifica se o input só aceita número maiores que zero. Essa restrição deve ser feita usando os atributos do elemento `input`",
              "timedOut": null,
              "duration": 4475,
              "state": "failed",
              "speed": null,
              "pass": false,
              "fail": true,
              "pending": false,
              "context": null,
              "code": "cy.get('#board-size[type=\\'number\\'][min=\\'1\\']');",
              "err": {
                "message": "CypressError: Timed out retrying: Expected to find element: '#board-size[type='number'][min='1']', but never found it.",
                "estack": "CypressError: Timed out retrying: Expected to find element: '#board-size[type='number'][min='1']', but never found it.\n    at cypressErr (http://localhost:36853/__cypress/runner/cypress_runner.js:149934:9)\n    at throwErr (http://localhost:36853/__cypress/runner/cypress_runner.js:149867:11)\n    at Object.throwErrByPath (http://localhost:36853/__cypress/runner/cypress_runner.js:149915:3)\n    at retry (http://localhost:36853/__cypress/runner/cypress_runner.js:144197:19)\n    at onFailFn (http://localhost:36853/__cypress/runner/cypress_runner.js:132448:16)\n    at tryCatcher (http://localhost:36853/__cypress/runner/cypress_runner.js:167415:23)\n    at Promise._settlePromiseFromHandler (http://localhost:36853/__cypress/runner/cypress_runner.js:165351:31)\n    at Promise._settlePromise (http://localhost:36853/__cypress/runner/cypress_runner.js:165408:18)\n    at Promise._settlePromise0 (http://localhost:36853/__cypress/runner/cypress_runner.js:165453:10)\n    at Promise._settlePromises (http://localhost:36853/__cypress/runner/cypress_runner.js:165528:18)\n    at Async../node_modules/bluebird/js/release/async.js.Async._drainQueue (http://localhost:36853/__cypress/runner/cypress_runner.js:162140:16)\n    at Async../node_modules/bluebird/js/release/async.js.Async._drainQueues (http://localhost:36853/__cypress/runner/cypress_runner.js:162150:10)\n    at Async.drainQueues (http://localhost:36853/__cypress/runner/cypress_runner.js:162024:14)",
                "diff": null
              },
              "uuid": "74a8b440-20e7-40a7-9d6d-cb01c184b388",
              "parentUUID": "51c154c5-d8c1-4229-b199-7291478e00a0",
              "isHook": false,
              "skipped": false
            },
            {
              "title": "Verifica se o botão contém o texto 'VQV'",
              "fullTitle": "10 - Faça o quadro de pixels ter seu tamanho definido pelo usuário. Verifica se o botão contém o texto 'VQV'",
              "timedOut": null,
              "duration": 4442,
              "state": "failed",
              "speed": null,
              "pass": false,
              "fail": true,
              "pending": false,
              "context": null,
              "code": "cy.get('#generate-board').contains(/vqv/i);",
              "err": {
                "message": "CypressError: Timed out retrying: Expected to find element: '#generate-board', but never found it.",
                "estack": "CypressError: Timed out retrying: Expected to find element: '#generate-board', but never found it.\n    at cypressErr (http://localhost:36853/__cypress/runner/cypress_runner.js:149934:9)\n    at throwErr (http://localhost:36853/__cypress/runner/cypress_runner.js:149867:11)\n    at Object.throwErrByPath (http://localhost:36853/__cypress/runner/cypress_runner.js:149915:3)\n    at retry (http://localhost:36853/__cypress/runner/cypress_runner.js:144197:19)\n    at onFailFn (http://localhost:36853/__cypress/runner/cypress_runner.js:132448:16)\n    at tryCatcher (http://localhost:36853/__cypress/runner/cypress_runner.js:167415:23)\n    at Promise._settlePromiseFromHandler (http://localhost:36853/__cypress/runner/cypress_runner.js:165351:31)\n    at Promise._settlePromise (http://localhost:36853/__cypress/runner/cypress_runner.js:165408:18)\n    at Promise._settlePromise0 (http://localhost:36853/__cypress/runner/cypress_runner.js:165453:10)\n    at Promise._settlePromises (http://localhost:36853/__cypress/runner/cypress_runner.js:165528:18)\n    at Async../node_modules/bluebird/js/release/async.js.Async._drainQueue (http://localhost:36853/__cypress/runner/cypress_runner.js:162140:16)\n    at Async../node_modules/bluebird/js/release/async.js.Async._drainQueues (http://localhost:36853/__cypress/runner/cypress_runner.js:162150:10)\n    at Async.drainQueues (http://localhost:36853/__cypress/runner/cypress_runner.js:162024:14)",
                "diff": null
              },
              "uuid": "1fa16c3b-3c1f-4c59-a0de-784152fc1553",
              "parentUUID": "51c154c5-d8c1-4229-b199-7291478e00a0",
              "isHook": false,
              "skipped": false
            },
            {
              "title": "Verifica se o input está posicionado entre a paleta de cores e o quadro de pixels",
              "fullTitle": "10 - Faça o quadro de pixels ter seu tamanho definido pelo usuário. Verifica se o input está posicionado entre a paleta de cores e o quadro de pixels",
              "timedOut": null,
              "duration": 4508,
              "state": "failed",
              "speed": null,
              "pass": false,
              "fail": true,
              "pending": false,
              "context": null,
              "code": "cy.get('#color-palette').then(function (palette) {\n  cy.get('#board-size').should('be.belowOf', palette);\n});\ncy.get('#board-size').then(function (palette) {\n  cy.get('#pixel-board').should('be.belowOf', palette);\n});",
              "err": {
                "message": "CypressError: Timed out retrying: Expected to find element: '#board-size', but never found it.",
                "estack": "CypressError: Timed out retrying: Expected to find element: '#board-size', but never found it.\n    at cypressErr (http://localhost:36853/__cypress/runner/cypress_runner.js:149934:9)\n    at throwErr (http://localhost:36853/__cypress/runner/cypress_runner.js:149867:11)\n    at Object.throwErrByPath (http://localhost:36853/__cypress/runner/cypress_runner.js:149915:3)\n    at retry (http://localhost:36853/__cypress/runner/cypress_runner.js:144197:19)\n    at onFailFn (http://localhost:36853/__cypress/runner/cypress_runner.js:132448:16)\n    at tryCatcher (http://localhost:36853/__cypress/runner/cypress_runner.js:167415:23)\n    at Promise._settlePromiseFromHandler (http://localhost:36853/__cypress/runner/cypress_runner.js:165351:31)\n    at Promise._settlePromise (http://localhost:36853/__cypress/runner/cypress_runner.js:165408:18)\n    at Promise._settlePromise0 (http://localhost:36853/__cypress/runner/cypress_runner.js:165453:10)\n    at Promise._settlePromises (http://localhost:36853/__cypress/runner/cypress_runner.js:165528:18)\n    at Async../node_modules/bluebird/js/release/async.js.Async._drainQueue (http://localhost:36853/__cypress/runner/cypress_runner.js:162140:16)\n    at Async../node_modules/bluebird/js/release/async.js.Async._drainQueues (http://localhost:36853/__cypress/runner/cypress_runner.js:162150:10)\n    at Async.drainQueues (http://localhost:36853/__cypress/runner/cypress_runner.js:162024:14)",
                "diff": null
              },
              "uuid": "c5a69d95-7cbb-46f2-aff1-9f64973054d0",
              "parentUUID": "51c154c5-d8c1-4229-b199-7291478e00a0",
              "isHook": false,
              "skipped": false
            },
            {
              "title": "Verifica se o botão está posicionado ao lado do input",
              "fullTitle": "10 - Faça o quadro de pixels ter seu tamanho definido pelo usuário. Verifica se o botão está posicionado ao lado do input",
              "timedOut": null,
              "duration": 4517,
              "state": "failed",
              "speed": null,
              "pass": false,
              "fail": true,
              "pending": false,
              "context": null,
              "code": "cy.get('#board-size').then(function (board) {\n  cy.get('#generate-board').should('be.onTheRightOf', board);\n});",
              "err": {
                "message": "CypressError: Timed out retrying: Expected to find element: '#board-size', but never found it.",
                "estack": "CypressError: Timed out retrying: Expected to find element: '#board-size', but never found it.\n    at cypressErr (http://localhost:36853/__cypress/runner/cypress_runner.js:149934:9)\n    at throwErr (http://localhost:36853/__cypress/runner/cypress_runner.js:149867:11)\n    at Object.throwErrByPath (http://localhost:36853/__cypress/runner/cypress_runner.js:149915:3)\n    at retry (http://localhost:36853/__cypress/runner/cypress_runner.js:144197:19)\n    at onFailFn (http://localhost:36853/__cypress/runner/cypress_runner.js:132448:16)\n    at tryCatcher (http://localhost:36853/__cypress/runner/cypress_runner.js:167415:23)\n    at Promise._settlePromiseFromHandler (http://localhost:36853/__cypress/runner/cypress_runner.js:165351:31)\n    at Promise._settlePromise (http://localhost:36853/__cypress/runner/cypress_runner.js:165408:18)\n    at Promise._settlePromise0 (http://localhost:36853/__cypress/runner/cypress_runner.js:165453:10)\n    at Promise._settlePromises (http://localhost:36853/__cypress/runner/cypress_runner.js:165528:18)\n    at Async../node_modules/bluebird/js/release/async.js.Async._drainQueue (http://localhost:36853/__cypress/runner/cypress_runner.js:162140:16)\n    at Async../node_modules/bluebird/js/release/async.js.Async._drainQueues (http://localhost:36853/__cypress/runner/cypress_runner.js:162150:10)\n    at Async.drainQueues (http://localhost:36853/__cypress/runner/cypress_runner.js:162024:14)",
                "diff": null
              },
              "uuid": "86609e8f-7579-480c-bb3f-9fea2e590eec",
              "parentUUID": "51c154c5-d8c1-4229-b199-7291478e00a0",
              "isHook": false,
              "skipped": false
            },
            {
              "title": "Verifica se nenhum valor for colocado no input ao clicar no botão, um `alert` é exibido com o texto: 'Board inválido!'",
              "fullTitle": "10 - Faça o quadro de pixels ter seu tamanho definido pelo usuário. Verifica se nenhum valor for colocado no input ao clicar no botão, um `alert` é exibido com o texto: 'Board inválido!'",
              "timedOut": null,
              "duration": 4556,
              "state": "failed",
              "speed": null,
              "pass": false,
              "fail": true,
              "pending": false,
              "context": null,
              "code": "var alerted = false;\ncy.on('window:alert', function (msg) {\n  return alerted = msg;\n});\ncy.get('#generate-board').click().then(function () {\n  return expect(alerted).to.match(/Board inválido!/i);\n});",
              "err": {
                "message": "CypressError: Timed out retrying: Expected to find element: '#generate-board', but never found it.",
                "estack": "CypressError: Timed out retrying: Expected to find element: '#generate-board', but never found it.\n    at cypressErr (http://localhost:36853/__cypress/runner/cypress_runner.js:149934:9)\n    at throwErr (http://localhost:36853/__cypress/runner/cypress_runner.js:149867:11)\n    at Object.throwErrByPath (http://localhost:36853/__cypress/runner/cypress_runner.js:149915:3)\n    at retry (http://localhost:36853/__cypress/runner/cypress_runner.js:144197:19)\n    at onFailFn (http://localhost:36853/__cypress/runner/cypress_runner.js:132448:16)\n    at tryCatcher (http://localhost:36853/__cypress/runner/cypress_runner.js:167415:23)\n    at Promise._settlePromiseFromHandler (http://localhost:36853/__cypress/runner/cypress_runner.js:165351:31)\n    at Promise._settlePromise (http://localhost:36853/__cypress/runner/cypress_runner.js:165408:18)\n    at Promise._settlePromise0 (http://localhost:36853/__cypress/runner/cypress_runner.js:165453:10)\n    at Promise._settlePromises (http://localhost:36853/__cypress/runner/cypress_runner.js:165528:18)\n    at Async../node_modules/bluebird/js/release/async.js.Async._drainQueue (http://localhost:36853/__cypress/runner/cypress_runner.js:162140:16)\n    at Async../node_modules/bluebird/js/release/async.js.Async._drainQueues (http://localhost:36853/__cypress/runner/cypress_runner.js:162150:10)\n    at Async.drainQueues (http://localhost:36853/__cypress/runner/cypress_runner.js:162024:14)",
                "diff": null
              },
              "uuid": "78518753-49ca-443d-b121-23f8cba86a43",
              "parentUUID": "51c154c5-d8c1-4229-b199-7291478e00a0",
              "isHook": false,
              "skipped": false
            },
            {
              "title": "Verifica se ao clicar no botão com um valor preenchido, o tamanho do board muda.",
              "fullTitle": "10 - Faça o quadro de pixels ter seu tamanho definido pelo usuário. Verifica se ao clicar no botão com um valor preenchido, o tamanho do board muda.",
              "timedOut": null,
              "duration": 4427,
              "state": "failed",
              "speed": null,
              "pass": false,
              "fail": true,
              "pending": false,
              "context": null,
              "code": "cy.get('#board-size').clear().type(10);\ncy.get('#generate-board').click();\ncy.get('.pixel').should('have.length', 100);",
              "err": {
                "message": "CypressError: Timed out retrying: Expected to find element: '#board-size', but never found it.",
                "estack": "CypressError: Timed out retrying: Expected to find element: '#board-size', but never found it.\n    at cypressErr (http://localhost:36853/__cypress/runner/cypress_runner.js:149934:9)\n    at throwErr (http://localhost:36853/__cypress/runner/cypress_runner.js:149867:11)\n    at Object.throwErrByPath (http://localhost:36853/__cypress/runner/cypress_runner.js:149915:3)\n    at retry (http://localhost:36853/__cypress/runner/cypress_runner.js:144197:19)\n    at onFailFn (http://localhost:36853/__cypress/runner/cypress_runner.js:132448:16)\n    at tryCatcher (http://localhost:36853/__cypress/runner/cypress_runner.js:167415:23)\n    at Promise._settlePromiseFromHandler (http://localhost:36853/__cypress/runner/cypress_runner.js:165351:31)\n    at Promise._settlePromise (http://localhost:36853/__cypress/runner/cypress_runner.js:165408:18)\n    at Promise._settlePromise0 (http://localhost:36853/__cypress/runner/cypress_runner.js:165453:10)\n    at Promise._settlePromises (http://localhost:36853/__cypress/runner/cypress_runner.js:165528:18)\n    at Async../node_modules/bluebird/js/release/async.js.Async._drainQueue (http://localhost:36853/__cypress/runner/cypress_runner.js:162140:16)\n    at Async../node_modules/bluebird/js/release/async.js.Async._drainQueues (http://localhost:36853/__cypress/runner/cypress_runner.js:162150:10)\n    at Async.drainQueues (http://localhost:36853/__cypress/runner/cypress_runner.js:162024:14)",
                "diff": null
              },
              "uuid": "f9432554-a454-4871-b744-1ac836461126",
              "parentUUID": "51c154c5-d8c1-4229-b199-7291478e00a0",
              "isHook": false,
              "skipped": false
            },
            {
              "title": "Verifica se o novo quadro tem todos os pixels preenchidos com a cor branca",
              "fullTitle": "10 - Faça o quadro de pixels ter seu tamanho definido pelo usuário. Verifica se o novo quadro tem todos os pixels preenchidos com a cor branca",
              "timedOut": null,
              "duration": 4419,
              "state": "failed",
              "speed": null,
              "pass": false,
              "fail": true,
              "pending": false,
              "context": null,
              "code": "cy.get('#board-size').clear().type(6);\ncy.get('#generate-board').click();\ncy.get('.pixel').should('have.length', 36).each(function (pixel) {\n  expect(pixel).to.have.css('background-color', WHITE);\n});",
              "err": {
                "message": "CypressError: Timed out retrying: Expected to find element: '#board-size', but never found it.",
                "estack": "CypressError: Timed out retrying: Expected to find element: '#board-size', but never found it.\n    at cypressErr (http://localhost:36853/__cypress/runner/cypress_runner.js:149934:9)\n    at throwErr (http://localhost:36853/__cypress/runner/cypress_runner.js:149867:11)\n    at Object.throwErrByPath (http://localhost:36853/__cypress/runner/cypress_runner.js:149915:3)\n    at retry (http://localhost:36853/__cypress/runner/cypress_runner.js:144197:19)\n    at onFailFn (http://localhost:36853/__cypress/runner/cypress_runner.js:132448:16)\n    at tryCatcher (http://localhost:36853/__cypress/runner/cypress_runner.js:167415:23)\n    at Promise._settlePromiseFromHandler (http://localhost:36853/__cypress/runner/cypress_runner.js:165351:31)\n    at Promise._settlePromise (http://localhost:36853/__cypress/runner/cypress_runner.js:165408:18)\n    at Promise._settlePromise0 (http://localhost:36853/__cypress/runner/cypress_runner.js:165453:10)\n    at Promise._settlePromises (http://localhost:36853/__cypress/runner/cypress_runner.js:165528:18)\n    at Async../node_modules/bluebird/js/release/async.js.Async._drainQueue (http://localhost:36853/__cypress/runner/cypress_runner.js:162140:16)\n    at Async../node_modules/bluebird/js/release/async.js.Async._drainQueues (http://localhost:36853/__cypress/runner/cypress_runner.js:162150:10)\n    at Async.drainQueues (http://localhost:36853/__cypress/runner/cypress_runner.js:162024:14)",
                "diff": null
              },
              "uuid": "fee72b86-ee1e-4723-a3bb-717d9e123438",
              "parentUUID": "51c154c5-d8c1-4229-b199-7291478e00a0",
              "isHook": false,
              "skipped": false
            }
          ],
          "suites": [],
          "passes": [],
          "failures": [
            "d89840f5-beca-48c9-8cd7-b092a4b1e63f",
            "44d51ab1-60e5-4c52-a3ee-74f6577c7f3f",
            "74a8b440-20e7-40a7-9d6d-cb01c184b388",
            "1fa16c3b-3c1f-4c59-a0de-784152fc1553",
            "c5a69d95-7cbb-46f2-aff1-9f64973054d0",
            "86609e8f-7579-480c-bb3f-9fea2e590eec",
            "78518753-49ca-443d-b121-23f8cba86a43",
            "f9432554-a454-4871-b744-1ac836461126",
            "fee72b86-ee1e-4723-a3bb-717d9e123438"
          ],
          "pending": [],
          "skipped": [],
          "duration": 40189,
          "root": false,
          "rootEmpty": false,
          "_timeout": 2000
        },
        {
          "uuid": "29243008-6d9e-4eb5-9733-1ae5dda37f9a",
          "title": "11 - Limite o tamanho mínimo e máximo do board.",
          "fullFile": "",
          "file": "",
          "beforeHooks": [],
          "afterHooks": [],
          "tests": [
            {
              "title": "Verifica se a altura máxima do board é 50",
              "fullTitle": "11 - Limite o tamanho mínimo e máximo do board. Verifica se a altura máxima do board é 50",
              "timedOut": null,
              "duration": 4558,
              "state": "failed",
              "speed": null,
              "pass": false,
              "fail": true,
              "pending": false,
              "context": null,
              "code": "cy.get('#board-size').clear().type(50);\ncy.get('#generate-board').click();\ncy.get('.pixel').should('have.length', 2500);",
              "err": {
                "message": "CypressError: Timed out retrying: Expected to find element: '#board-size', but never found it.",
                "estack": "CypressError: Timed out retrying: Expected to find element: '#board-size', but never found it.\n    at cypressErr (http://localhost:36853/__cypress/runner/cypress_runner.js:149934:9)\n    at throwErr (http://localhost:36853/__cypress/runner/cypress_runner.js:149867:11)\n    at Object.throwErrByPath (http://localhost:36853/__cypress/runner/cypress_runner.js:149915:3)\n    at retry (http://localhost:36853/__cypress/runner/cypress_runner.js:144197:19)\n    at onFailFn (http://localhost:36853/__cypress/runner/cypress_runner.js:132448:16)\n    at tryCatcher (http://localhost:36853/__cypress/runner/cypress_runner.js:167415:23)\n    at Promise._settlePromiseFromHandler (http://localhost:36853/__cypress/runner/cypress_runner.js:165351:31)\n    at Promise._settlePromise (http://localhost:36853/__cypress/runner/cypress_runner.js:165408:18)\n    at Promise._settlePromise0 (http://localhost:36853/__cypress/runner/cypress_runner.js:165453:10)\n    at Promise._settlePromises (http://localhost:36853/__cypress/runner/cypress_runner.js:165528:18)\n    at Async../node_modules/bluebird/js/release/async.js.Async._drainQueue (http://localhost:36853/__cypress/runner/cypress_runner.js:162140:16)\n    at Async../node_modules/bluebird/js/release/async.js.Async._drainQueues (http://localhost:36853/__cypress/runner/cypress_runner.js:162150:10)\n    at Async.drainQueues (http://localhost:36853/__cypress/runner/cypress_runner.js:162024:14)",
                "diff": null
              },
              "uuid": "d673276a-c790-47c8-ab7e-b2fb69849352",
              "parentUUID": "29243008-6d9e-4eb5-9733-1ae5dda37f9a",
              "isHook": false,
              "skipped": false
            },
            {
              "title": "Verifica se a altura do board é 5 quando um valor menor é colocado no input",
              "fullTitle": "11 - Limite o tamanho mínimo e máximo do board. Verifica se a altura do board é 5 quando um valor menor é colocado no input",
              "timedOut": null,
              "duration": 4374,
              "state": "failed",
              "speed": null,
              "pass": false,
              "fail": true,
              "pending": false,
              "context": null,
              "code": "cy.get('#board-size').clear().type(4);\ncy.get('#generate-board').click();\ncy.get('.pixel').should('have.length', 25);",
              "err": {
                "message": "CypressError: Timed out retrying: Expected to find element: '#board-size', but never found it.",
                "estack": "CypressError: Timed out retrying: Expected to find element: '#board-size', but never found it.\n    at cypressErr (http://localhost:36853/__cypress/runner/cypress_runner.js:149934:9)\n    at throwErr (http://localhost:36853/__cypress/runner/cypress_runner.js:149867:11)\n    at Object.throwErrByPath (http://localhost:36853/__cypress/runner/cypress_runner.js:149915:3)\n    at retry (http://localhost:36853/__cypress/runner/cypress_runner.js:144197:19)\n    at onFailFn (http://localhost:36853/__cypress/runner/cypress_runner.js:132448:16)\n    at tryCatcher (http://localhost:36853/__cypress/runner/cypress_runner.js:167415:23)\n    at Promise._settlePromiseFromHandler (http://localhost:36853/__cypress/runner/cypress_runner.js:165351:31)\n    at Promise._settlePromise (http://localhost:36853/__cypress/runner/cypress_runner.js:165408:18)\n    at Promise._settlePromise0 (http://localhost:36853/__cypress/runner/cypress_runner.js:165453:10)\n    at Promise._settlePromises (http://localhost:36853/__cypress/runner/cypress_runner.js:165528:18)\n    at Async../node_modules/bluebird/js/release/async.js.Async._drainQueue (http://localhost:36853/__cypress/runner/cypress_runner.js:162140:16)\n    at Async../node_modules/bluebird/js/release/async.js.Async._drainQueues (http://localhost:36853/__cypress/runner/cypress_runner.js:162150:10)\n    at Async.drainQueues (http://localhost:36853/__cypress/runner/cypress_runner.js:162024:14)",
                "diff": null
              },
              "uuid": "29026120-7be3-46c7-90a4-e68be2c775b4",
              "parentUUID": "29243008-6d9e-4eb5-9733-1ae5dda37f9a",
              "isHook": false,
              "skipped": false
            },
            {
              "title": "Verifica se a altura do board é 50 quando um valor maior é colocado no input",
              "fullTitle": "11 - Limite o tamanho mínimo e máximo do board. Verifica se a altura do board é 50 quando um valor maior é colocado no input",
              "timedOut": null,
              "duration": 4476,
              "state": "failed",
              "speed": null,
              "pass": false,
              "fail": true,
              "pending": false,
              "context": null,
              "code": "cy.get('#board-size').clear().type(51);\ncy.get('#generate-board').click();\ncy.get('.pixel').should('have.length', 2500);",
              "err": {
                "message": "CypressError: Timed out retrying: Expected to find element: '#board-size', but never found it.",
                "estack": "CypressError: Timed out retrying: Expected to find element: '#board-size', but never found it.\n    at cypressErr (http://localhost:36853/__cypress/runner/cypress_runner.js:149934:9)\n    at throwErr (http://localhost:36853/__cypress/runner/cypress_runner.js:149867:11)\n    at Object.throwErrByPath (http://localhost:36853/__cypress/runner/cypress_runner.js:149915:3)\n    at retry (http://localhost:36853/__cypress/runner/cypress_runner.js:144197:19)\n    at onFailFn (http://localhost:36853/__cypress/runner/cypress_runner.js:132448:16)\n    at tryCatcher (http://localhost:36853/__cypress/runner/cypress_runner.js:167415:23)\n    at Promise._settlePromiseFromHandler (http://localhost:36853/__cypress/runner/cypress_runner.js:165351:31)\n    at Promise._settlePromise (http://localhost:36853/__cypress/runner/cypress_runner.js:165408:18)\n    at Promise._settlePromise0 (http://localhost:36853/__cypress/runner/cypress_runner.js:165453:10)\n    at Promise._settlePromises (http://localhost:36853/__cypress/runner/cypress_runner.js:165528:18)\n    at Async../node_modules/bluebird/js/release/async.js.Async._drainQueue (http://localhost:36853/__cypress/runner/cypress_runner.js:162140:16)\n    at Async../node_modules/bluebird/js/release/async.js.Async._drainQueues (http://localhost:36853/__cypress/runner/cypress_runner.js:162150:10)\n    at Async.drainQueues (http://localhost:36853/__cypress/runner/cypress_runner.js:162024:14)",
                "diff": null
              },
              "uuid": "82fac9c4-c844-4582-bf04-2a8a2b42784c",
              "parentUUID": "29243008-6d9e-4eb5-9733-1ae5dda37f9a",
              "isHook": false,
              "skipped": false
            }
          ],
          "suites": [],
          "passes": [],
          "failures": [
            "d673276a-c790-47c8-ab7e-b2fb69849352",
            "29026120-7be3-46c7-90a4-e68be2c775b4",
            "82fac9c4-c844-4582-bf04-2a8a2b42784c"
          ],
          "pending": [],
          "skipped": [],
          "duration": 13408,
          "root": false,
          "rootEmpty": false,
          "_timeout": 2000
        },
        {
          "uuid": "58478f15-8bae-45f0-8cc2-ece90a25899c",
          "title": "12 - Faça com que as cores da paleta sejam geradas aleatoriamente ao carregar a página.",
          "fullFile": "",
          "file": "",
          "beforeHooks": [],
          "afterHooks": [],
          "tests": [
            {
              "title": "Verifica se as cores geradas na paleta são diferentes a cada carregamento da página",
              "fullTitle": "12 - Faça com que as cores da paleta sejam geradas aleatoriamente ao carregar a página. Verifica se as cores geradas na paleta são diferentes a cada carregamento da página",
              "timedOut": null,
              "duration": 537,
              "state": "failed",
              "speed": null,
              "pass": false,
              "fail": true,
              "pending": false,
              "context": null,
              "code": "cy.get('.color').then(function (colors) {\n  var currentColors;\n  var previousColors;\n  previousColors = Array.from(colors).map(function (color) {\n    return Cypress.$(color).css('background-color');\n  });\n  for (var i = 0; i < 5; i += 1) {\n    cy.reload();\n    cy.get('.color').then(function (colors) {\n      currentColors = Array.from(colors).map(function (color) {\n        return Cypress.$(color).css('background-color');\n      });\n      expect(currentColors).not.to.deep.equal(previousColors);\n      previousColors = currentColors;\n    });\n  }\n});",
              "err": {
                "message": "AssertionError: expected [ Array(4) ] to not deeply equal [ Array(4) ]",
                "estack": "AssertionError: expected [ Array(4) ] to not deeply equal [ Array(4) ]\n    at getRet (http://localhost:36853/__cypress/runner/cypress_runner.js:136585:16)\n    at tryCatcher (http://localhost:36853/__cypress/runner/cypress_runner.js:167415:23)\n    at Function.Promise.attempt.Promise.try (http://localhost:36853/__cypress/runner/cypress_runner.js:164690:29)\n    at Context.thenFn (http://localhost:36853/__cypress/runner/cypress_runner.js:136599:23)\n    at Context.then (http://localhost:36853/__cypress/runner/cypress_runner.js:136971:21)\n    at Context.<anonymous> (http://localhost:36853/__cypress/runner/cypress_runner.js:148875:21)\n    at http://localhost:36853/__cypress/runner/cypress_runner.js:148351:33\n    at tryCatcher (http://localhost:36853/__cypress/runner/cypress_runner.js:167415:23)\n    at Promise._settlePromiseFromHandler (http://localhost:36853/__cypress/runner/cypress_runner.js:165351:31)\n    at Promise._settlePromise (http://localhost:36853/__cypress/runner/cypress_runner.js:165408:18)\n    at Promise._settlePromiseCtx (http://localhost:36853/__cypress/runner/cypress_runner.js:165445:10)\n    at Async../node_modules/bluebird/js/release/async.js.Async._drainQueue (http://localhost:36853/__cypress/runner/cypress_runner.js:162145:12)\n    at Async../node_modules/bluebird/js/release/async.js.Async._drainQueues (http://localhost:36853/__cypress/runner/cypress_runner.js:162150:10)\n    at Async.drainQueues (http://localhost:36853/__cypress/runner/cypress_runner.js:162024:14)",
                "diff": ""
              },
              "uuid": "f6625b48-773f-4ca5-84b4-7224d4b31bbe",
              "parentUUID": "58478f15-8bae-45f0-8cc2-ece90a25899c",
              "isHook": false,
              "skipped": false
            },
            {
              "title": "Verifica se a cor preta ainda está presente e é a primeira na sua paleta de cores",
              "fullTitle": "12 - Faça com que as cores da paleta sejam geradas aleatoriamente ao carregar a página. Verifica se a cor preta ainda está presente e é a primeira na sua paleta de cores",
              "timedOut": null,
              "duration": 539,
              "state": "failed",
              "speed": null,
              "pass": false,
              "fail": true,
              "pending": false,
              "context": null,
              "code": "cy.get('.color').then(function (colors) {\n  var currentColors;\n  var previousColors;\n  previousColors = Array.from(colors).map(function (color) {\n    return Cypress.$(color).css('background-color');\n  });\n  expect(previousColors[0]).to.eq(BLACK);\n  for (var i = 0; i < 5; i += 1) {\n    cy.reload();\n    cy.get('.color').then(function (colors) {\n      currentColors = Array.from(colors).map(function (color) {\n        return Cypress.$(color).css('background-color');\n      });\n      expect(currentColors[0]).to.eq(BLACK);\n      expect(currentColors).not.to.deep.equal(previousColors);\n      previousColors = currentColors;\n    });\n  }\n});",
              "err": {
                "message": "AssertionError: expected [ Array(4) ] to not deeply equal [ Array(4) ]",
                "estack": "AssertionError: expected [ Array(4) ] to not deeply equal [ Array(4) ]\n    at getRet (http://localhost:36853/__cypress/runner/cypress_runner.js:136585:16)\n    at tryCatcher (http://localhost:36853/__cypress/runner/cypress_runner.js:167415:23)\n    at Function.Promise.attempt.Promise.try (http://localhost:36853/__cypress/runner/cypress_runner.js:164690:29)\n    at Context.thenFn (http://localhost:36853/__cypress/runner/cypress_runner.js:136599:23)\n    at Context.then (http://localhost:36853/__cypress/runner/cypress_runner.js:136971:21)\n    at Context.<anonymous> (http://localhost:36853/__cypress/runner/cypress_runner.js:148875:21)\n    at http://localhost:36853/__cypress/runner/cypress_runner.js:148351:33\n    at tryCatcher (http://localhost:36853/__cypress/runner/cypress_runner.js:167415:23)\n    at Promise._settlePromiseFromHandler (http://localhost:36853/__cypress/runner/cypress_runner.js:165351:31)\n    at Promise._settlePromise (http://localhost:36853/__cypress/runner/cypress_runner.js:165408:18)\n    at Promise._settlePromiseCtx (http://localhost:36853/__cypress/runner/cypress_runner.js:165445:10)\n    at Async../node_modules/bluebird/js/release/async.js.Async._drainQueue (http://localhost:36853/__cypress/runner/cypress_runner.js:162145:12)\n    at Async../node_modules/bluebird/js/release/async.js.Async._drainQueues (http://localhost:36853/__cypress/runner/cypress_runner.js:162150:10)\n    at Async.drainQueues (http://localhost:36853/__cypress/runner/cypress_runner.js:162024:14)",
                "diff": ""
              },
              "uuid": "ca61416f-b8f4-4963-a3da-32ef2a34c7c1",
              "parentUUID": "58478f15-8bae-45f0-8cc2-ece90a25899c",
              "isHook": false,
              "skipped": false
            }
          ],
          "suites": [],
          "passes": [],
          "failures": [
            "f6625b48-773f-4ca5-84b4-7224d4b31bbe",
            "ca61416f-b8f4-4963-a3da-32ef2a34c7c1"
          ],
          "pending": [],
          "skipped": [],
          "duration": 1076,
          "root": false,
          "rootEmpty": false,
          "_timeout": 2000
        }
      ],
      "passes": [],
      "failures": [],
      "pending": [],
      "skipped": [],
      "duration": 0,
      "root": true,
      "rootEmpty": true,
      "_timeout": 2000
    }
  ],
  "meta": {
    "mocha": {
      "version": "7.0.1"
    },
    "mochawesome": {
      "options": {
        "quiet": false,
        "reportFilename": "mochawesome",
        "saveHtml": false,
        "saveJson": true,
        "consoleReporter": "spec",
        "useInlineDiffs": false
      },
      "version": "4.1.0"
    },
    "marge": {
      "options": {
        "id": "default",
        "reportDir": "cypress/reports",
        "overwrite": true,
        "html": false,
        "json": true
      },
      "version": "4.1.0"
    }
  }
}